Content-Type: multipart/alternative;
 boundary="===============7276326593860824283=="
MIME-Version: 1.0
Subject: Profile activation
From: test@example.com
To: colthurling@gmail.com
Date: Thu, 04 Oct 2018 07:52:37 -0000
Message-ID: <153863955705.15372.9861474715689687831@riddhi-G7-7588>

--===============7276326593860824283==
Content-Type: text/plain; charset="utf-8"
MIME-Version: 1.0
Content-Transfer-Encoding: 7bit



To activate your profile, please follow this link:

http://127.0.0.1:8000/accounts/activate/FzzBqYyV28uzMuxN9jGW/

--===============7276326593860824283==
Content-Type: text/html; charset="utf-8"
MIME-Version: 1.0
Content-Transfer-Encoding: 7bit



<!DOCTYPE html PUBLIC "-//W3C//DTD XHTML 1.0 Transitional//EN"
        "http://www.w3.org/TR/xhtml1/DTD/xhtml1-transitional.dtd">
<html xmlns="http://www.w3.org/1999/xhtml">
<head>
    <meta http-equiv="Content-Type" content="text/html; charset=UTF-8"/>
    <title>Profile activation</title>
    <meta name="viewport" content="width=device-width, initial-scale=1.0"/>
</head>

<body>

<p>
    To activate your profile, please follow this link:
</p>

<p>
    <a href="http://127.0.0.1:8000/accounts/activate/FzzBqYyV28uzMuxN9jGW/">http://127.0.0.1:8000/accounts/activate/FzzBqYyV28uzMuxN9jGW/</a>
</p>

</body>

</html>

--===============7276326593860824283==--

-------------------------------------------------------------------------------
