Content-Type: multipart/alternative;
 boundary="===============2927283502188995837=="
MIME-Version: 1.0
Subject: Profile activation
From: test@example.com
To: colthurling1@gmail.com
Date: Thu, 20 Sep 2018 09:29:57 -0000
Message-ID: <153743579749.10565.5973923515490063687@riddhi-G7-7588>

--===============2927283502188995837==
Content-Type: text/plain; charset="utf-8"
MIME-Version: 1.0
Content-Transfer-Encoding: 7bit



To activate your profile, please follow this link:

http://127.0.0.1:8000/accounts/activate/0nUJL4CtCyqEiiQDBngT/

--===============2927283502188995837==
Content-Type: text/html; charset="utf-8"
MIME-Version: 1.0
Content-Transfer-Encoding: 7bit



<!DOCTYPE html PUBLIC "-//W3C//DTD XHTML 1.0 Transitional//EN"
        "http://www.w3.org/TR/xhtml1/DTD/xhtml1-transitional.dtd">
<html xmlns="http://www.w3.org/1999/xhtml">
<head>
    <meta http-equiv="Content-Type" content="text/html; charset=UTF-8"/>
    <title>Profile activation</title>
    <meta name="viewport" content="width=device-width, initial-scale=1.0"/>
</head>

<body>

<p>
    To activate your profile, please follow this link:
</p>

<p>
    <a href="http://127.0.0.1:8000/accounts/activate/0nUJL4CtCyqEiiQDBngT/">http://127.0.0.1:8000/accounts/activate/0nUJL4CtCyqEiiQDBngT/</a>
</p>

</body>

</html>

--===============2927283502188995837==--

-------------------------------------------------------------------------------
