Content-Type: multipart/alternative;
 boundary="===============5798321600285480337=="
MIME-Version: 1.0
Subject: Profile activation
From: test@example.com
To: demo@gmail.com
Date: Mon, 17 Sep 2018 05:22:11 -0000
Message-ID: <153716173196.6137.11795612677900696828@riddhi-G7-7588>

--===============5798321600285480337==
Content-Type: text/plain; charset="utf-8"
MIME-Version: 1.0
Content-Transfer-Encoding: 7bit



To activate your profile, please follow this link:

http://127.0.0.1:8000/accounts/activate/2238XFyonCrAICaD4zAV/

--===============5798321600285480337==
Content-Type: text/html; charset="utf-8"
MIME-Version: 1.0
Content-Transfer-Encoding: 7bit



<!DOCTYPE html PUBLIC "-//W3C//DTD XHTML 1.0 Transitional//EN"
        "http://www.w3.org/TR/xhtml1/DTD/xhtml1-transitional.dtd">
<html xmlns="http://www.w3.org/1999/xhtml">
<head>
    <meta http-equiv="Content-Type" content="text/html; charset=UTF-8"/>
    <title>Profile activation</title>
    <meta name="viewport" content="width=device-width, initial-scale=1.0"/>
</head>

<body>

<p>
    To activate your profile, please follow this link:
</p>

<p>
    <a href="http://127.0.0.1:8000/accounts/activate/2238XFyonCrAICaD4zAV/">http://127.0.0.1:8000/accounts/activate/2238XFyonCrAICaD4zAV/</a>
</p>

</body>

</html>

--===============5798321600285480337==--

-------------------------------------------------------------------------------
