Content-Type: multipart/alternative;
 boundary="===============0780203350318342803=="
MIME-Version: 1.0
Subject: Profile activation
From: test@example.com
To: colthurling@gmail.com
Date: Tue, 18 Sep 2018 11:06:49 -0000
Message-ID: <153726880943.28153.9142204501889026364@riddhi-G7-7588>

--===============0780203350318342803==
Content-Type: text/plain; charset="utf-8"
MIME-Version: 1.0
Content-Transfer-Encoding: 7bit



To activate your profile, please follow this link:

http://127.0.0.1:8000/accounts/activate/r4YAn71YowkBWjDCBSrm/

--===============0780203350318342803==
Content-Type: text/html; charset="utf-8"
MIME-Version: 1.0
Content-Transfer-Encoding: 7bit



<!DOCTYPE html PUBLIC "-//W3C//DTD XHTML 1.0 Transitional//EN"
        "http://www.w3.org/TR/xhtml1/DTD/xhtml1-transitional.dtd">
<html xmlns="http://www.w3.org/1999/xhtml">
<head>
    <meta http-equiv="Content-Type" content="text/html; charset=UTF-8"/>
    <title>Profile activation</title>
    <meta name="viewport" content="width=device-width, initial-scale=1.0"/>
</head>

<body>

<p>
    To activate your profile, please follow this link:
</p>

<p>
    <a href="http://127.0.0.1:8000/accounts/activate/r4YAn71YowkBWjDCBSrm/">http://127.0.0.1:8000/accounts/activate/r4YAn71YowkBWjDCBSrm/</a>
</p>

</body>

</html>

--===============0780203350318342803==--

-------------------------------------------------------------------------------
