Content-Type: multipart/alternative; boundary="===============0592019270=="
MIME-Version: 1.0
Subject: Restore password
From: test@example.com
To: 123john456@gmail.com
Date: Mon, 29 Apr 2019 18:28:31 -0000
Message-ID: <155656251123.7216.18118557024154153264@LAPTOP-E64S4A7C>

--===============0592019270==
Content-Type: text/plain; charset="utf-8"
MIME-Version: 1.0
Content-Transfer-Encoding: 7bit



You received this email because you requested a password reset for your user account.

Please, go to the following page and choose a new password:

http://127.0.0.1:8000/accounts/restore/Nw/55w-433bc8df3f423c9d08d1/

--===============0592019270==
Content-Type: text/html; charset="utf-8"
MIME-Version: 1.0
Content-Transfer-Encoding: 7bit



<!DOCTYPE html PUBLIC "-//W3C//DTD XHTML 1.0 Transitional//EN"
        "http://www.w3.org/TR/xhtml1/DTD/xhtml1-transitional.dtd">
<html xmlns="http://www.w3.org/1999/xhtml">
<head>
    <meta http-equiv="Content-Type" content="text/html; charset=UTF-8"/>
    <title>Restore password</title>
    <meta name="viewport" content="width=device-width, initial-scale=1.0"/>
</head>

<body>

<p>
    You received this email because you requested a password reset for your user account.
</p>

<p>
    Please, go to the following page and choose a new password:
</p>

<p>
    <a href="http://127.0.0.1:8000/accounts/restore/Nw/55w-433bc8df3f423c9d08d1/">http://127.0.0.1:8000/accounts/restore/Nw/55w-433bc8df3f423c9d08d1/</a>
</p>

</body>

</html>

--===============0592019270==--

-------------------------------------------------------------------------------
