Content-Type: multipart/alternative; boundary="===============1915991807=="
MIME-Version: 1.0
Subject: Profile activation
From: test@example.com
To: abckrishabc@gmail.com
Date: Mon, 11 Feb 2019 09:20:35 -0000
Message-ID: <154987683569.34344.9033814164399652761@LAPTOP-E64S4A7C>

--===============1915991807==
Content-Type: text/plain; charset="utf-8"
MIME-Version: 1.0
Content-Transfer-Encoding: 7bit



To activate your profile, please follow this link:

http://127.0.0.1:8000/accounts/activate/4FEPiddfO4fEmgoPeJrE/

--===============1915991807==
Content-Type: text/html; charset="utf-8"
MIME-Version: 1.0
Content-Transfer-Encoding: 7bit



<!DOCTYPE html PUBLIC "-//W3C//DTD XHTML 1.0 Transitional//EN"
        "http://www.w3.org/TR/xhtml1/DTD/xhtml1-transitional.dtd">
<html xmlns="http://www.w3.org/1999/xhtml">
<head>
    <meta http-equiv="Content-Type" content="text/html; charset=UTF-8"/>
    <title>Profile activation</title>
    <meta name="viewport" content="width=device-width, initial-scale=1.0"/>
</head>

<body>

<p>
    To activate your profile, please follow this link:
</p>

<p>
    <a href="http://127.0.0.1:8000/accounts/activate/4FEPiddfO4fEmgoPeJrE/">http://127.0.0.1:8000/accounts/activate/4FEPiddfO4fEmgoPeJrE/</a>
</p>

</body>

</html>

--===============1915991807==--

-------------------------------------------------------------------------------
