Content-Type: multipart/alternative; boundary="===============0041550400=="
MIME-Version: 1.0
Subject: Profile activation
From: test@example.com
To: arora_kirti@gmail.com
Date: Tue, 12 Feb 2019 14:21:52 -0000
Message-ID: <154998131276.4460.15818748194984943081@LAPTOP-E64S4A7C>

--===============0041550400==
Content-Type: text/plain; charset="utf-8"
MIME-Version: 1.0
Content-Transfer-Encoding: 7bit



To activate your profile, please follow this link:

http://127.0.0.1:8000/accounts/activate/71DkcUUeoOtc2TiWugz4/

--===============0041550400==
Content-Type: text/html; charset="utf-8"
MIME-Version: 1.0
Content-Transfer-Encoding: 7bit



<!DOCTYPE html PUBLIC "-//W3C//DTD XHTML 1.0 Transitional//EN"
        "http://www.w3.org/TR/xhtml1/DTD/xhtml1-transitional.dtd">
<html xmlns="http://www.w3.org/1999/xhtml">
<head>
    <meta http-equiv="Content-Type" content="text/html; charset=UTF-8"/>
    <title>Profile activation</title>
    <meta name="viewport" content="width=device-width, initial-scale=1.0"/>
</head>

<body>

<p>
    To activate your profile, please follow this link:
</p>

<p>
    <a href="http://127.0.0.1:8000/accounts/activate/71DkcUUeoOtc2TiWugz4/">http://127.0.0.1:8000/accounts/activate/71DkcUUeoOtc2TiWugz4/</a>
</p>

</body>

</html>

--===============0041550400==--

-------------------------------------------------------------------------------
