Content-Type: multipart/alternative; boundary="===============1723148610=="
MIME-Version: 1.0
Subject: Profile activation
From: test@example.com
To: mittal_harsh@gmail.com
Date: Wed, 13 Feb 2019 04:47:48 -0000
Message-ID: <155003326807.4068.15016771552023697023@LAPTOP-E64S4A7C>

--===============1723148610==
Content-Type: text/plain; charset="utf-8"
MIME-Version: 1.0
Content-Transfer-Encoding: 7bit



To activate your profile, please follow this link:

http://127.0.0.1:8000/accounts/activate/WZCdr5aZB4vEgFae8mao/

--===============1723148610==
Content-Type: text/html; charset="utf-8"
MIME-Version: 1.0
Content-Transfer-Encoding: 7bit



<!DOCTYPE html PUBLIC "-//W3C//DTD XHTML 1.0 Transitional//EN"
        "http://www.w3.org/TR/xhtml1/DTD/xhtml1-transitional.dtd">
<html xmlns="http://www.w3.org/1999/xhtml">
<head>
    <meta http-equiv="Content-Type" content="text/html; charset=UTF-8"/>
    <title>Profile activation</title>
    <meta name="viewport" content="width=device-width, initial-scale=1.0"/>
</head>

<body>

<p>
    To activate your profile, please follow this link:
</p>

<p>
    <a href="http://127.0.0.1:8000/accounts/activate/WZCdr5aZB4vEgFae8mao/">http://127.0.0.1:8000/accounts/activate/WZCdr5aZB4vEgFae8mao/</a>
</p>

</body>

</html>

--===============1723148610==--

-------------------------------------------------------------------------------
