Content-Type: multipart/alternative; boundary="===============1168412640=="
MIME-Version: 1.0
Subject: Profile activation
From: test@example.com
To: annurana@gmail.com
Date: Wed, 13 Feb 2019 04:49:06 -0000
Message-ID: <155003334614.4068.17947108003042015806@LAPTOP-E64S4A7C>

--===============1168412640==
Content-Type: text/plain; charset="utf-8"
MIME-Version: 1.0
Content-Transfer-Encoding: 7bit



To activate your profile, please follow this link:

http://127.0.0.1:8000/accounts/activate/AVsF0FN1wiQ4QTl3lWJE/

--===============1168412640==
Content-Type: text/html; charset="utf-8"
MIME-Version: 1.0
Content-Transfer-Encoding: 7bit



<!DOCTYPE html PUBLIC "-//W3C//DTD XHTML 1.0 Transitional//EN"
        "http://www.w3.org/TR/xhtml1/DTD/xhtml1-transitional.dtd">
<html xmlns="http://www.w3.org/1999/xhtml">
<head>
    <meta http-equiv="Content-Type" content="text/html; charset=UTF-8"/>
    <title>Profile activation</title>
    <meta name="viewport" content="width=device-width, initial-scale=1.0"/>
</head>

<body>

<p>
    To activate your profile, please follow this link:
</p>

<p>
    <a href="http://127.0.0.1:8000/accounts/activate/AVsF0FN1wiQ4QTl3lWJE/">http://127.0.0.1:8000/accounts/activate/AVsF0FN1wiQ4QTl3lWJE/</a>
</p>

</body>

</html>

--===============1168412640==--

-------------------------------------------------------------------------------
