Content-Type: multipart/alternative; boundary="===============1826410426=="
MIME-Version: 1.0
Subject: Profile activation
From: test@example.com
To: rahulsharm@gmail.com
Date: Tue, 12 Feb 2019 03:55:08 -0000
Message-ID: <154994370832.37788.10708798823910968894@LAPTOP-E64S4A7C>

--===============1826410426==
Content-Type: text/plain; charset="utf-8"
MIME-Version: 1.0
Content-Transfer-Encoding: 7bit



To activate your profile, please follow this link:

http://127.0.0.1:8000/accounts/activate/omZTfITSwu1BzMQjD4lp/

--===============1826410426==
Content-Type: text/html; charset="utf-8"
MIME-Version: 1.0
Content-Transfer-Encoding: 7bit



<!DOCTYPE html PUBLIC "-//W3C//DTD XHTML 1.0 Transitional//EN"
        "http://www.w3.org/TR/xhtml1/DTD/xhtml1-transitional.dtd">
<html xmlns="http://www.w3.org/1999/xhtml">
<head>
    <meta http-equiv="Content-Type" content="text/html; charset=UTF-8"/>
    <title>Profile activation</title>
    <meta name="viewport" content="width=device-width, initial-scale=1.0"/>
</head>

<body>

<p>
    To activate your profile, please follow this link:
</p>

<p>
    <a href="http://127.0.0.1:8000/accounts/activate/omZTfITSwu1BzMQjD4lp/">http://127.0.0.1:8000/accounts/activate/omZTfITSwu1BzMQjD4lp/</a>
</p>

</body>

</html>

--===============1826410426==--

-------------------------------------------------------------------------------
