Content-Type: multipart/alternative; boundary="===============1004029972=="
MIME-Version: 1.0
Subject: Profile activation
From: test@example.com
To: rajan_gupta@gmail.com
Date: Sun, 03 Mar 2019 20:25:09 -0000
Message-ID: <155164470980.11272.11073618608945618149@LAPTOP-E64S4A7C>

--===============1004029972==
Content-Type: text/plain; charset="utf-8"
MIME-Version: 1.0
Content-Transfer-Encoding: 7bit



To activate your profile, please follow this link:

http://127.0.0.1:8000/accounts/activate/wOJdR1zFOnM8OnwqsmGL/

--===============1004029972==
Content-Type: text/html; charset="utf-8"
MIME-Version: 1.0
Content-Transfer-Encoding: 7bit



<!DOCTYPE html PUBLIC "-//W3C//DTD XHTML 1.0 Transitional//EN"
        "http://www.w3.org/TR/xhtml1/DTD/xhtml1-transitional.dtd">
<html xmlns="http://www.w3.org/1999/xhtml">
<head>
    <meta http-equiv="Content-Type" content="text/html; charset=UTF-8"/>
    <title>Profile activation</title>
    <meta name="viewport" content="width=device-width, initial-scale=1.0"/>
</head>

<body>

<p>
    To activate your profile, please follow this link:
</p>

<p>
    <a href="http://127.0.0.1:8000/accounts/activate/wOJdR1zFOnM8OnwqsmGL/">http://127.0.0.1:8000/accounts/activate/wOJdR1zFOnM8OnwqsmGL/</a>
</p>

</body>

</html>

--===============1004029972==--

-------------------------------------------------------------------------------
