Content-Type: multipart/alternative; boundary="===============0264107580=="
MIME-Version: 1.0
Subject: Profile activation
From: test@example.com
To: 123john456@gmail.com
Date: Mon, 01 Apr 2019 19:12:02 -0000
Message-ID: <155414592292.6500.16193944682214906138@LAPTOP-E64S4A7C>

--===============0264107580==
Content-Type: text/plain; charset="utf-8"
MIME-Version: 1.0
Content-Transfer-Encoding: 7bit



To activate your profile, please follow this link:

http://127.0.0.1:8000/accounts/activate/lbG8VgZcfpUkhajXvjWD/

--===============0264107580==
Content-Type: text/html; charset="utf-8"
MIME-Version: 1.0
Content-Transfer-Encoding: 7bit



<!DOCTYPE html PUBLIC "-//W3C//DTD XHTML 1.0 Transitional//EN"
        "http://www.w3.org/TR/xhtml1/DTD/xhtml1-transitional.dtd">
<html xmlns="http://www.w3.org/1999/xhtml">
<head>
    <meta http-equiv="Content-Type" content="text/html; charset=UTF-8"/>
    <title>Profile activation</title>
    <meta name="viewport" content="width=device-width, initial-scale=1.0"/>
</head>

<body>

<p>
    To activate your profile, please follow this link:
</p>

<p>
    <a href="http://127.0.0.1:8000/accounts/activate/lbG8VgZcfpUkhajXvjWD/">http://127.0.0.1:8000/accounts/activate/lbG8VgZcfpUkhajXvjWD/</a>
</p>

</body>

</html>

--===============0264107580==--

-------------------------------------------------------------------------------
